UpdateCTestConfiguration  from :/home/vdr/ros_bridge/build/ros1_bridge/CTestConfiguration.ini
Parse Config file:/home/vdr/ros_bridge/build/ros1_bridge/CTestConfiguration.ini
   Site: vdr-GV62-8RC
   Build name: (empty)
 Add coverage exclude regular expressions.
SetCTestConfiguration:CMakeCommand:/usr/bin/cmake
Create new tag: 20201106-1015 - Experimental
UpdateCTestConfiguration  from :/home/vdr/ros_bridge/build/ros1_bridge/CTestConfiguration.ini
Parse Config file:/home/vdr/ros_bridge/build/ros1_bridge/CTestConfiguration.ini
Test project /home/vdr/ros_bridge/build/ros1_bridge
Constructing a list of tests
Done constructing a list of tests
Updating test list for fixtures
Added 0 tests to meet fixture requirements
Checking test dependency graph...
Checking test dependency graph end
test 1
      Start  1: copyright

1: Test command: /usr/bin/python3 "-u" "/opt/ros/dashing/share/ament_cmake_test/cmake/run_test.py" "/home/vdr/ros_bridge/build/ros1_bridge/test_results/ros1_bridge/copyright.xunit.xml" "--package-name" "ros1_bridge" "--output-file" "/home/vdr/ros_bridge/build/ros1_bridge/ament_copyright/copyright.txt" "--command" "/opt/ros/dashing/bin/ament_copyright" "--xunit-file" "/home/vdr/ros_bridge/build/ros1_bridge/test_results/ros1_bridge/copyright.xunit.xml"
1: Test timeout computed to be: 60
1: -- run_test.py: invoking following command in '/home/vdr/ros_bridge/src/ros1_bridge':
1:  - /opt/ros/dashing/bin/ament_copyright --xunit-file /home/vdr/ros_bridge/build/ros1_bridge/test_results/ros1_bridge/copyright.xunit.xml
1: No problems found, checked 24 files
1: -- run_test.py: return code 0
1: -- run_test.py: verify result file '/home/vdr/ros_bridge/build/ros1_bridge/test_results/ros1_bridge/copyright.xunit.xml'
 1/10 Test  #1: copyright ...............................................   Passed    0.73 sec
test 2
      Start  2: cppcheck

2: Test command: /usr/bin/python3 "-u" "/opt/ros/dashing/share/ament_cmake_test/cmake/run_test.py" "/home/vdr/ros_bridge/build/ros1_bridge/test_results/ros1_bridge/cppcheck.xunit.xml" "--package-name" "ros1_bridge" "--output-file" "/home/vdr/ros_bridge/build/ros1_bridge/ament_cppcheck/cppcheck.txt" "--command" "/opt/ros/dashing/bin/ament_cppcheck" "--xunit-file" "/home/vdr/ros_bridge/build/ros1_bridge/test_results/ros1_bridge/cppcheck.xunit.xml"
2: Test timeout computed to be: 120
2: -- run_test.py: invoking following command in '/home/vdr/ros_bridge/src/ros1_bridge':
2:  - /opt/ros/dashing/bin/ament_cppcheck --xunit-file /home/vdr/ros_bridge/build/ros1_bridge/test_results/ros1_bridge/cppcheck.xunit.xml
2: No problems found
2: -- run_test.py: return code 0
2: -- run_test.py: verify result file '/home/vdr/ros_bridge/build/ros1_bridge/test_results/ros1_bridge/cppcheck.xunit.xml'
 2/10 Test  #2: cppcheck ................................................   Passed    0.40 sec
test 3
      Start  3: cpplint

3: Test command: /usr/bin/python3 "-u" "/opt/ros/dashing/share/ament_cmake_test/cmake/run_test.py" "/home/vdr/ros_bridge/build/ros1_bridge/test_results/ros1_bridge/cpplint.xunit.xml" "--package-name" "ros1_bridge" "--output-file" "/home/vdr/ros_bridge/build/ros1_bridge/ament_cpplint/cpplint.txt" "--command" "/opt/ros/dashing/bin/ament_cpplint" "--xunit-file" "/home/vdr/ros_bridge/build/ros1_bridge/test_results/ros1_bridge/cpplint.xunit.xml"
3: Test timeout computed to be: 120
3: -- run_test.py: invoking following command in '/home/vdr/ros_bridge/src/ros1_bridge':
3:  - /opt/ros/dashing/bin/ament_cpplint --xunit-file /home/vdr/ros_bridge/build/ros1_bridge/test_results/ros1_bridge/cpplint.xunit.xml
3: Using '--root=/home/vdr/ros_bridge/src/ros1_bridge/include' argument
3: 
3: Done processing /home/vdr/ros_bridge/src/ros1_bridge/include/ros1_bridge/bridge.hpp
3: 
3: Done processing /home/vdr/ros_bridge/src/ros1_bridge/include/ros1_bridge/builtin_interfaces_factories.hpp
3: 
3: Done processing /home/vdr/ros_bridge/src/ros1_bridge/include/ros1_bridge/convert_builtin_interfaces.hpp
3: 
3: Done processing /home/vdr/ros_bridge/src/ros1_bridge/include/ros1_bridge/convert_decl.hpp
3: 
3: Done processing /home/vdr/ros_bridge/src/ros1_bridge/include/ros1_bridge/factory.hpp
3: 
3: Done processing /home/vdr/ros_bridge/src/ros1_bridge/include/ros1_bridge/factory_interface.hpp
3: 
3: Using '--root=/home/vdr/ros_bridge/src/ros1_bridge/src' argument
3: 
3: Done processing /home/vdr/ros_bridge/src/ros1_bridge/src/bridge.cpp
3: 
3: Done processing /home/vdr/ros_bridge/src/ros1_bridge/src/builtin_interfaces_factories.cpp
3: 
3: Done processing /home/vdr/ros_bridge/src/ros1_bridge/src/convert_builtin_interfaces.cpp
3: 
3: Done processing /home/vdr/ros_bridge/src/ros1_bridge/src/dynamic_bridge.cpp
3: 
3: Done processing /home/vdr/ros_bridge/src/ros1_bridge/src/parameter_bridge.cpp
3: 
3: Done processing /home/vdr/ros_bridge/src/ros1_bridge/src/simple_bridge.cpp
3: 
3: Done processing /home/vdr/ros_bridge/src/ros1_bridge/src/simple_bridge_1_to_2.cpp
3: 
3: Done processing /home/vdr/ros_bridge/src/ros1_bridge/src/simple_bridge_2_to_1.cpp
3: 
3: Done processing /home/vdr/ros_bridge/src/ros1_bridge/src/static_bridge.cpp
3: 
3: Using '--root=/home/vdr/ros_bridge/src/ros1_bridge/test' argument
3: 
3: Done processing /home/vdr/ros_bridge/src/ros1_bridge/test/test_ros1_client.cpp
3: 
3: Done processing /home/vdr/ros_bridge/src/ros1_bridge/test/test_ros1_server.cpp
3: 
3: Done processing /home/vdr/ros_bridge/src/ros1_bridge/test/test_ros2_client.cpp
3: 
3: Done processing /home/vdr/ros_bridge/src/ros1_bridge/test/test_ros2_server.cpp
3: 
3: No problems found
3: -- run_test.py: return code 0
3: -- run_test.py: verify result file '/home/vdr/ros_bridge/build/ros1_bridge/test_results/ros1_bridge/cpplint.xunit.xml'
 3/10 Test  #3: cpplint .................................................   Passed    0.76 sec
test 4
      Start  4: flake8

4: Test command: /usr/bin/python3 "-u" "/opt/ros/dashing/share/ament_cmake_test/cmake/run_test.py" "/home/vdr/ros_bridge/build/ros1_bridge/test_results/ros1_bridge/flake8.xunit.xml" "--package-name" "ros1_bridge" "--output-file" "/home/vdr/ros_bridge/build/ros1_bridge/ament_flake8/flake8.txt" "--command" "/opt/ros/dashing/bin/ament_flake8" "--xunit-file" "/home/vdr/ros_bridge/build/ros1_bridge/test_results/ros1_bridge/flake8.xunit.xml"
4: Test timeout computed to be: 60
4: -- run_test.py: invoking following command in '/home/vdr/ros_bridge/src/ros1_bridge':
4:  - /opt/ros/dashing/bin/ament_flake8 --xunit-file /home/vdr/ros_bridge/build/ros1_bridge/test_results/ros1_bridge/flake8.xunit.xml
4: 
4: 1 files checked
4: No problems found
4: 
4: Checked files:
4: 
4: * ./ros1_bridge/__init__.py
4: -- run_test.py: return code 0
4: -- run_test.py: verify result file '/home/vdr/ros_bridge/build/ros1_bridge/test_results/ros1_bridge/flake8.xunit.xml'
 4/10 Test  #4: flake8 ..................................................   Passed    0.78 sec
test 5
      Start  5: lint_cmake

5: Test command: /usr/bin/python3 "-u" "/opt/ros/dashing/share/ament_cmake_test/cmake/run_test.py" "/home/vdr/ros_bridge/build/ros1_bridge/test_results/ros1_bridge/lint_cmake.xunit.xml" "--package-name" "ros1_bridge" "--output-file" "/home/vdr/ros_bridge/build/ros1_bridge/ament_lint_cmake/lint_cmake.txt" "--command" "/opt/ros/dashing/bin/ament_lint_cmake" "--xunit-file" "/home/vdr/ros_bridge/build/ros1_bridge/test_results/ros1_bridge/lint_cmake.xunit.xml"
5: Test timeout computed to be: 60
5: -- run_test.py: invoking following command in '/home/vdr/ros_bridge/src/ros1_bridge':
5:  - /opt/ros/dashing/bin/ament_lint_cmake --xunit-file /home/vdr/ros_bridge/build/ros1_bridge/test_results/ros1_bridge/lint_cmake.xunit.xml
5: 
5: No problems found
5: -- run_test.py: return code 0
5: -- run_test.py: verify result file '/home/vdr/ros_bridge/build/ros1_bridge/test_results/ros1_bridge/lint_cmake.xunit.xml'
 5/10 Test  #5: lint_cmake ..............................................   Passed    0.26 sec
test 6
      Start  6: pep257

6: Test command: /usr/bin/python3 "-u" "/opt/ros/dashing/share/ament_cmake_test/cmake/run_test.py" "/home/vdr/ros_bridge/build/ros1_bridge/test_results/ros1_bridge/pep257.xunit.xml" "--package-name" "ros1_bridge" "--output-file" "/home/vdr/ros_bridge/build/ros1_bridge/ament_pep257/pep257.txt" "--command" "/opt/ros/dashing/bin/ament_pep257" "--xunit-file" "/home/vdr/ros_bridge/build/ros1_bridge/test_results/ros1_bridge/pep257.xunit.xml"
6: Test timeout computed to be: 60
6: -- run_test.py: invoking following command in '/home/vdr/ros_bridge/src/ros1_bridge':
6:  - /opt/ros/dashing/bin/ament_pep257 --xunit-file /home/vdr/ros_bridge/build/ros1_bridge/test_results/ros1_bridge/pep257.xunit.xml
6: checking ./ros1_bridge/__init__.py
6: No problems found
6: -- run_test.py: return code 0
6: -- run_test.py: verify result file '/home/vdr/ros_bridge/build/ros1_bridge/test_results/ros1_bridge/pep257.xunit.xml'
 6/10 Test  #6: pep257 ..................................................   Passed    0.43 sec
test 7
      Start  7: uncrustify

7: Test command: /usr/bin/python3 "-u" "/opt/ros/dashing/share/ament_cmake_test/cmake/run_test.py" "/home/vdr/ros_bridge/build/ros1_bridge/test_results/ros1_bridge/uncrustify.xunit.xml" "--package-name" "ros1_bridge" "--output-file" "/home/vdr/ros_bridge/build/ros1_bridge/ament_uncrustify/uncrustify.txt" "--command" "/opt/ros/dashing/bin/ament_uncrustify" "--xunit-file" "/home/vdr/ros_bridge/build/ros1_bridge/test_results/ros1_bridge/uncrustify.xunit.xml"
7: Test timeout computed to be: 60
7: -- run_test.py: invoking following command in '/home/vdr/ros_bridge/src/ros1_bridge':
7:  - /opt/ros/dashing/bin/ament_uncrustify --xunit-file /home/vdr/ros_bridge/build/ros1_bridge/test_results/ros1_bridge/uncrustify.xunit.xml
7: No code style divergence in file 'include/ros1_bridge/bridge.hpp'
7: 
7: No code style divergence in file 'include/ros1_bridge/builtin_interfaces_factories.hpp'
7: 
7: No code style divergence in file 'include/ros1_bridge/convert_builtin_interfaces.hpp'
7: 
7: No code style divergence in file 'include/ros1_bridge/convert_decl.hpp'
7: 
7: No code style divergence in file 'include/ros1_bridge/factory.hpp'
7: 
7: No code style divergence in file 'include/ros1_bridge/factory_interface.hpp'
7: 
7: No code style divergence in file 'src/bridge.cpp'
7: 
7: No code style divergence in file 'src/builtin_interfaces_factories.cpp'
7: 
7: No code style divergence in file 'src/convert_builtin_interfaces.cpp'
7: 
7: No code style divergence in file 'src/dynamic_bridge.cpp'
7: 
7: No code style divergence in file 'src/parameter_bridge.cpp'
7: 
7: No code style divergence in file 'src/simple_bridge.cpp'
7: 
7: No code style divergence in file 'src/simple_bridge_1_to_2.cpp'
7: 
7: No code style divergence in file 'src/simple_bridge_2_to_1.cpp'
7: 
7: No code style divergence in file 'src/static_bridge.cpp'
7: 
7: No code style divergence in file 'test/test_ros1_client.cpp'
7: 
7: No code style divergence in file 'test/test_ros1_server.cpp'
7: 
7: No code style divergence in file 'test/test_ros2_client.cpp'
7: 
7: No code style divergence in file 'test/test_ros2_server.cpp'
7: 
7: No problems found
7: -- run_test.py: return code 0
7: -- run_test.py: verify result file '/home/vdr/ros_bridge/build/ros1_bridge/test_results/ros1_bridge/uncrustify.xunit.xml'
 7/10 Test  #7: uncrustify ..............................................   Passed    0.35 sec
test 8
      Start  8: xmllint

8: Test command: /usr/bin/python3 "-u" "/opt/ros/dashing/share/ament_cmake_test/cmake/run_test.py" "/home/vdr/ros_bridge/build/ros1_bridge/test_results/ros1_bridge/xmllint.xunit.xml" "--package-name" "ros1_bridge" "--output-file" "/home/vdr/ros_bridge/build/ros1_bridge/ament_xmllint/xmllint.txt" "--command" "/opt/ros/dashing/bin/ament_xmllint" "--xunit-file" "/home/vdr/ros_bridge/build/ros1_bridge/test_results/ros1_bridge/xmllint.xunit.xml"
8: Test timeout computed to be: 60
8: -- run_test.py: invoking following command in '/home/vdr/ros_bridge/src/ros1_bridge':
8:  - /opt/ros/dashing/bin/ament_xmllint --xunit-file /home/vdr/ros_bridge/build/ros1_bridge/test_results/ros1_bridge/xmllint.xunit.xml
8: File 'package.xml' is valid
8: 
8: No problems found
8: -- run_test.py: return code 0
8: -- run_test.py: verify result file '/home/vdr/ros_bridge/build/ros1_bridge/test_results/ros1_bridge/xmllint.xunit.xml'
 8/10 Test  #8: xmllint .................................................   Passed    1.05 sec
test 9
      Start  9: test_topics_across_dynamic_bridge__rmw_fastrtps_cpp

9: Test command: /usr/bin/python3 "-u" "/opt/ros/dashing/share/ament_cmake_test/cmake/run_test.py" "/home/vdr/ros_bridge/build/ros1_bridge/test_results/ros1_bridge/test_topics_across_dynamic_bridge__rmw_fastrtps_cpp.xunit.xml" "--package-name" "ros1_bridge" "--output-file" "/home/vdr/ros_bridge/build/ros1_bridge/launch_test/CHANGEME.txt" "--env" "RMW_IMPLEMENTATION=rmw_fastrtps_cpp" "--command" "/usr/bin/python3" "-m" "launch_testing.launch_test" "/home/vdr/ros_bridge/build/ros1_bridge/test_topics_across_dynamic_bridge__rmw_fastrtps_cpp_.py" "--junit-xml=/home/vdr/ros_bridge/build/ros1_bridge/test_results/ros1_bridge/test_topics_across_dynamic_bridge__rmw_fastrtps_cpp.xunit.xml" "--package-name=ros1_bridge"
9: Test timeout computed to be: 60
9: -- run_test.py: extra environment variables:
9:  - RMW_IMPLEMENTATION=rmw_fastrtps_cpp
9: -- run_test.py: invoking following command in '/home/vdr/ros_bridge/src/ros1_bridge':
9:  - /usr/bin/python3 -m launch_testing.launch_test /home/vdr/ros_bridge/build/ros1_bridge/test_topics_across_dynamic_bridge__rmw_fastrtps_cpp_.py --junit-xml=/home/vdr/ros_bridge/build/ros1_bridge/test_results/ros1_bridge/test_topics_across_dynamic_bridge__rmw_fastrtps_cpp.xunit.xml --package-name=ros1_bridge
9: 
9: Starting test run ros1_bridge.test_topics_across_dynamic_bridge__rmw_fastrtps_cpp_.launch_tests[ros1_talker_ros2_listener_across_dynamic_bridge, ['/opt/ros/melodic/env.sh', 'rosrun', 'roscpp_tutorials', 'talker'], ['/opt/ros/dashing/lib/demo_nodes_cpp/listener']]
9: [INFO] [launch]: All log files can be found below /home/vdr/.ros/log/2020-11-06-11-15-34-503276-vdr-GV62-8RC-13170
9: [INFO] [launch]: Default logging verbosity is set to INFO
9: test_listener_output[ros1_talker_ros2_listener_across_dynamic_bridge, ['/opt/ros/melodic/env.sh', 'rosrun', 'roscpp_tutorials', 'talker'], ['/opt/ros/dashing/lib/demo_nodes_cpp/listener']] (ros1_bridge.TestTopicsAcrossDynamicBridge) ... [INFO] [ros1_talker_ros2_listener_across_dynamic_bridge__roscore-1]: process started with pid [13174]
9: [INFO] [ros1_talker_ros2_listener_across_dynamic_bridge__dynamic_bridge-2]: process started with pid [13175]
9: [INFO] [ros1_talker_ros2_listener_across_dynamic_bridge__talker-3]: process started with pid [13179]
9: [INFO] [ros1_talker_ros2_listener_across_dynamic_bridge__listener-4]: process started with pid [13185]
9: [ros1_talker_ros2_listener_across_dynamic_bridge__roscore-1] [31mRLException: roscore cannot run as another roscore/master is already running. 
9: [ros1_talker_ros2_listener_across_dynamic_bridge__roscore-1] Please kill other roscore/master processes before relaunching.
9: [ros1_talker_ros2_listener_across_dynamic_bridge__roscore-1] The ROS_MASTER_URI is http://vdr-GV62-8RC:11311/[0m
9: [ros1_talker_ros2_listener_across_dynamic_bridge__roscore-1] [31mThe traceback for the exception was written to the log file[0m
9: [ERROR] [ros1_talker_ros2_listener_across_dynamic_bridge__roscore-1]: process has died [pid 13174, exit code 1, cmd '/opt/ros/melodic/env.sh /opt/ros/melodic/bin/roscore'].
9: [INFO] [ros1_talker_ros2_listener_across_dynamic_bridge__listener-4]: sending signal 'SIGINT' to process[ros1_talker_ros2_listener_across_dynamic_bridge__listener-4]
9: [INFO] [ros1_talker_ros2_listener_across_dynamic_bridge__talker-3]: sending signal 'SIGINT' to process[ros1_talker_ros2_listener_across_dynamic_bridge__talker-3]
9: [INFO] [ros1_talker_ros2_listener_across_dynamic_bridge__dynamic_bridge-2]: sending signal 'SIGINT' to process[ros1_talker_ros2_listener_across_dynamic_bridge__dynamic_bridge-2]
9: [INFO] [ros1_talker_ros2_listener_across_dynamic_bridge__listener-4]: process has finished cleanly [pid 13185]
9: [INFO] [ros1_talker_ros2_listener_across_dynamic_bridge__talker-3]: process has finished cleanly [pid 13179]
9: [INFO] [ros1_talker_ros2_listener_across_dynamic_bridge__dynamic_bridge-2]: process has finished cleanly [pid 13175]
9: ok
9: 
9: ----------------------------------------------------------------------
9: Ran 1 test in 3.465s
9: 
9: OK
9: test_processes_finished_gracefully[ros1_talker_ros2_listener_across_dynamic_bridge, ['/opt/ros/melodic/env.sh', 'rosrun', 'roscpp_tutorials', 'talker'], ['/opt/ros/dashing/lib/demo_nodes_cpp/listener']] (ros1_bridge.TestTopicsAcrossDynamicBridgeAfterShutdown)
9: Test that both executables finished gracefully. ... 
9: Starting test run ros1_bridge.test_topics_across_dynamic_bridge__rmw_fastrtps_cpp_.launch_tests[ros2_talker_ros1_listener_across_dynamic_bridge, ['/opt/ros/dashing/lib/demo_nodes_cpp/talker'], ['/opt/ros/melodic/env.sh', 'rosrun', 'rospy_tutorials', 'listener']]
9: [INFO] [launch]: All log files can be found below /home/vdr/.ros/log/2020-11-06-11-15-34-503276-vdr-GV62-8RC-13170
9: [INFO] [launch]: Default logging verbosity is set to INFO
9: ok
9: 
9: ----------------------------------------------------------------------
9: Ran 1 test in 0.001s
9: 
9: OK
9: test_listener_output[ros2_talker_ros1_listener_across_dynamic_bridge, ['/opt/ros/dashing/lib/demo_nodes_cpp/talker'], ['/opt/ros/melodic/env.sh', 'rosrun', 'rospy_tutorials', 'listener']] (ros1_bridge.TestTopicsAcrossDynamicBridge) ... [INFO] [ros2_talker_ros1_listener_across_dynamic_bridge__roscore-5]: process started with pid [13259]
9: [INFO] [ros2_talker_ros1_listener_across_dynamic_bridge__dynamic_bridge-6]: process started with pid [13261]
9: [INFO] [ros2_talker_ros1_listener_across_dynamic_bridge__talker-7]: process started with pid [13264]
9: [INFO] [ros2_talker_ros1_listener_across_dynamic_bridge__listener-8]: process started with pid [13278]
9: [ros2_talker_ros1_listener_across_dynamic_bridge__roscore-5] [31mRLException: roscore cannot run as another roscore/master is already running. 
9: [ros2_talker_ros1_listener_across_dynamic_bridge__roscore-5] Please kill other roscore/master processes before relaunching.
9: [ros2_talker_ros1_listener_across_dynamic_bridge__roscore-5] The ROS_MASTER_URI is http://vdr-GV62-8RC:11311/[0m
9: [ros2_talker_ros1_listener_across_dynamic_bridge__roscore-5] [31mThe traceback for the exception was written to the log file[0m
9: [ERROR] [ros2_talker_ros1_listener_across_dynamic_bridge__roscore-5]: process has died [pid 13259, exit code 1, cmd '/opt/ros/melodic/env.sh /opt/ros/melodic/bin/roscore'].
9: [INFO] [ros2_talker_ros1_listener_across_dynamic_bridge__listener-8]: sending signal 'SIGINT' to process[ros2_talker_ros1_listener_across_dynamic_bridge__listener-8]
9: [INFO] [ros2_talker_ros1_listener_across_dynamic_bridge__talker-7]: sending signal 'SIGINT' to process[ros2_talker_ros1_listener_across_dynamic_bridge__talker-7]
9: [INFO] [ros2_talker_ros1_listener_across_dynamic_bridge__dynamic_bridge-6]: sending signal 'SIGINT' to process[ros2_talker_ros1_listener_across_dynamic_bridge__dynamic_bridge-6]
9: [INFO] [ros2_talker_ros1_listener_across_dynamic_bridge__talker-7]: process has finished cleanly [pid 13264]
9: [INFO] [ros2_talker_ros1_listener_across_dynamic_bridge__listener-8]: process has finished cleanly [pid 13278]
9: [INFO] [ros2_talker_ros1_listener_across_dynamic_bridge__dynamic_bridge-6]: process has finished cleanly [pid 13261]
9: ok
9: 
9: ----------------------------------------------------------------------
9: Ran 1 test in 2.039s
9: 
9: OK
9: test_processes_finished_gracefully[ros2_talker_ros1_listener_across_dynamic_bridge, ['/opt/ros/dashing/lib/demo_nodes_cpp/talker'], ['/opt/ros/melodic/env.sh', 'rosrun', 'rospy_tutorials', 'listener']] (ros1_bridge.TestTopicsAcrossDynamicBridgeAfterShutdown)
9: Test that both executables finished gracefully. ... ok
9: 
9: ----------------------------------------------------------------------
9: Ran 1 test in 0.001s
9: 
9: OK
9: -- run_test.py: return code 0
9: -- run_test.py: verify result file '/home/vdr/ros_bridge/build/ros1_bridge/test_results/ros1_bridge/test_topics_across_dynamic_bridge__rmw_fastrtps_cpp.xunit.xml'
 9/10 Test  #9: test_topics_across_dynamic_bridge__rmw_fastrtps_cpp .....   Passed    7.60 sec
test 10
      Start 10: test_services_across_dynamic_bridge__rmw_fastrtps_cpp

10: Test command: /usr/bin/python3 "-u" "/opt/ros/dashing/share/ament_cmake_test/cmake/run_test.py" "/home/vdr/ros_bridge/build/ros1_bridge/test_results/ros1_bridge/test_services_across_dynamic_bridge__rmw_fastrtps_cpp.xunit.xml" "--package-name" "ros1_bridge" "--output-file" "/home/vdr/ros_bridge/build/ros1_bridge/launch_test/CHANGEME.txt" "--env" "RMW_IMPLEMENTATION=rmw_fastrtps_cpp" "--command" "/usr/bin/python3" "-m" "launch_testing.launch_test" "/home/vdr/ros_bridge/build/ros1_bridge/test_services_across_dynamic_bridge__rmw_fastrtps_cpp_.py" "--junit-xml=/home/vdr/ros_bridge/build/ros1_bridge/test_results/ros1_bridge/test_services_across_dynamic_bridge__rmw_fastrtps_cpp.xunit.xml" "--package-name=ros1_bridge"
10: Test timeout computed to be: 60
10: -- run_test.py: extra environment variables:
10:  - RMW_IMPLEMENTATION=rmw_fastrtps_cpp
10: -- run_test.py: invoking following command in '/home/vdr/ros_bridge/src/ros1_bridge':
10:  - /usr/bin/python3 -m launch_testing.launch_test /home/vdr/ros_bridge/build/ros1_bridge/test_services_across_dynamic_bridge__rmw_fastrtps_cpp_.py --junit-xml=/home/vdr/ros_bridge/build/ros1_bridge/test_results/ros1_bridge/test_services_across_dynamic_bridge__rmw_fastrtps_cpp.xunit.xml --package-name=ros1_bridge
10: 
10: Starting test run ros1_bridge.test_services_across_dynamic_bridge__rmw_fastrtps_cpp_.launch_tests[ros1_server_ros2_client_across_dynamic_bridge, ['/opt/ros/melodic/env.sh', '/home/vdr/ros_bridge/build/ros1_bridge/test_ros1_server'], ['/home/vdr/ros_bridge/build/ros1_bridge/test_ros2_client_cpp']]
10: [INFO] [launch]: All log files can be found below /home/vdr/.ros/log/2020-11-06-11-15-42-019872-vdr-GV62-8RC-13352
10: [INFO] [launch]: Default logging verbosity is set to INFO
10: test_client_process_terminates_after_a_finite_amount_of_time[ros1_server_ros2_client_across_dynamic_bridge, ['/opt/ros/melodic/env.sh', '/home/vdr/ros_bridge/build/ros1_bridge/test_ros1_server'], ['/home/vdr/ros_bridge/build/ros1_bridge/test_ros2_client_cpp']] (ros1_bridge.TestServicesAcrossDynamicBridge)
10: Test that the client executables terminates after a finite amount of time. ... [INFO] [ros1_server_ros2_client_across_dynamic_bridge__roscore-1]: process started with pid [13356]
10: [INFO] [ros1_server_ros2_client_across_dynamic_bridge__dynamic_bridge-2]: process started with pid [13357]
10: [INFO] [ros1_server_ros2_client_across_dynamic_bridge__server-3]: process started with pid [13360]
10: [INFO] [ros1_server_ros2_client_across_dynamic_bridge__client-4]: process started with pid [13366]
10: [ros1_server_ros2_client_across_dynamic_bridge__roscore-1] [31mRLException: roscore cannot run as another roscore/master is already running. 
10: [ros1_server_ros2_client_across_dynamic_bridge__roscore-1] Please kill other roscore/master processes before relaunching.
10: [ros1_server_ros2_client_across_dynamic_bridge__roscore-1] The ROS_MASTER_URI is http://vdr-GV62-8RC:11311/[0m
10: [ros1_server_ros2_client_across_dynamic_bridge__roscore-1] [31mThe traceback for the exception was written to the log file[0m
10: [ERROR] [ros1_server_ros2_client_across_dynamic_bridge__roscore-1]: process has died [pid 13356, exit code 1, cmd '/opt/ros/melodic/env.sh /opt/ros/melodic/bin/roscore'].
10: [INFO] [ros1_server_ros2_client_across_dynamic_bridge__client-4]: process has finished cleanly [pid 13366]
10: [INFO] [ros1_server_ros2_client_across_dynamic_bridge__server-3]: sending signal 'SIGINT' to process[ros1_server_ros2_client_across_dynamic_bridge__server-3]
10: [INFO] [ros1_server_ros2_client_across_dynamic_bridge__dynamic_bridge-2]: sending signal 'SIGINT' to process[ros1_server_ros2_client_across_dynamic_bridge__dynamic_bridge-2]
10: [INFO] [ros1_server_ros2_client_across_dynamic_bridge__server-3]: process has finished cleanly [pid 13360]
10: [INFO] [ros1_server_ros2_client_across_dynamic_bridge__dynamic_bridge-2]: process has finished cleanly [pid 13357]
10: ok
10: 
10: ----------------------------------------------------------------------
10: Ran 1 test in 1.228s
10: 
10: OK
10: test_processes_finished_gracefully[ros1_server_ros2_client_across_dynamic_bridge, ['/opt/ros/melodic/env.sh', '/home/vdr/ros_bridge/build/ros1_bridge/test_ros1_server'], ['/home/vdr/ros_bridge/build/ros1_bridge/test_ros2_client_cpp']] (ros1_bridge.TestServicesAcrossDynamicBridgeAfterShutdown)
10: Test that both executables finished gracefully. ... 
10: Starting test run ros1_bridge.test_services_across_dynamic_bridge__rmw_fastrtps_cpp_.launch_tests[ros2_server_ros1_client_across_dynamic_bridge, ['/home/vdr/ros_bridge/build/ros1_bridge/test_ros2_server_cpp'], ['/opt/ros/melodic/env.sh', '/home/vdr/ros_bridge/build/ros1_bridge/test_ros1_client']]
10: [INFO] [launch]: All log files can be found below /home/vdr/.ros/log/2020-11-06-11-15-42-019872-vdr-GV62-8RC-13352
10: [INFO] [launch]: Default logging verbosity is set to INFO
10: ok
10: 
10: ----------------------------------------------------------------------
10: Ran 1 test in 0.000s
10: 
10: OK
10: test_client_process_terminates_after_a_finite_amount_of_time[ros2_server_ros1_client_across_dynamic_bridge, ['/home/vdr/ros_bridge/build/ros1_bridge/test_ros2_server_cpp'], ['/opt/ros/melodic/env.sh', '/home/vdr/ros_bridge/build/ros1_bridge/test_ros1_client']] (ros1_bridge.TestServicesAcrossDynamicBridge)
10: Test that the client executables terminates after a finite amount of time. ... [INFO] [ros2_server_ros1_client_across_dynamic_bridge__roscore-5]: process started with pid [13432]
10: [INFO] [ros2_server_ros1_client_across_dynamic_bridge__dynamic_bridge-6]: process started with pid [13433]
10: [INFO] [ros2_server_ros1_client_across_dynamic_bridge__server-7]: process started with pid [13437]
10: [INFO] [ros2_server_ros1_client_across_dynamic_bridge__client-8]: process started with pid [13444]
10: [ros2_server_ros1_client_across_dynamic_bridge__roscore-5] [31mRLException: roscore cannot run as another roscore/master is already running. 
10: [ros2_server_ros1_client_across_dynamic_bridge__roscore-5] Please kill other roscore/master processes before relaunching.
10: [ros2_server_ros1_client_across_dynamic_bridge__roscore-5] The ROS_MASTER_URI is http://vdr-GV62-8RC:11311/[0m
10: [ros2_server_ros1_client_across_dynamic_bridge__roscore-5] [31mThe traceback for the exception was written to the log file[0m
10: [ERROR] [ros2_server_ros1_client_across_dynamic_bridge__roscore-5]: process has died [pid 13432, exit code 1, cmd '/opt/ros/melodic/env.sh /opt/ros/melodic/bin/roscore'].
10: [INFO] [ros2_server_ros1_client_across_dynamic_bridge__client-8]: process has finished cleanly [pid 13444]
10: [INFO] [ros2_server_ros1_client_across_dynamic_bridge__server-7]: sending signal 'SIGINT' to process[ros2_server_ros1_client_across_dynamic_bridge__server-7]
10: [INFO] [ros2_server_ros1_client_across_dynamic_bridge__dynamic_bridge-6]: sending signal 'SIGINT' to process[ros2_server_ros1_client_across_dynamic_bridge__dynamic_bridge-6]
10: [INFO] [ros2_server_ros1_client_across_dynamic_bridge__server-7]: process has finished cleanly [pid 13437]
10: [INFO] [ros2_server_ros1_client_across_dynamic_bridge__dynamic_bridge-6]: process has finished cleanly [pid 13433]
10: ok
10: 
10: ----------------------------------------------------------------------
10: Ran 1 test in 1.755s
10: 
10: OK
10: test_processes_finished_gracefully[ros2_server_ros1_client_across_dynamic_bridge, ['/home/vdr/ros_bridge/build/ros1_bridge/test_ros2_server_cpp'], ['/opt/ros/melodic/env.sh', '/home/vdr/ros_bridge/build/ros1_bridge/test_ros1_client']] (ros1_bridge.TestServicesAcrossDynamicBridgeAfterShutdown)
10: Test that both executables finished gracefully. ... ok
10: 
10: ----------------------------------------------------------------------
10: Ran 1 test in 0.000s
10: 
10: OK
10: -- run_test.py: return code 0
10: -- run_test.py: verify result file '/home/vdr/ros_bridge/build/ros1_bridge/test_results/ros1_bridge/test_services_across_dynamic_bridge__rmw_fastrtps_cpp.xunit.xml'
10/10 Test #10: test_services_across_dynamic_bridge__rmw_fastrtps_cpp ...   Passed    4.37 sec

100% tests passed, 0 tests failed out of 10

Label Time Summary:
copyright     =   0.73 sec*proc (1 test)
cppcheck      =   0.40 sec*proc (1 test)
cpplint       =   0.76 sec*proc (1 test)
flake8        =   0.78 sec*proc (1 test)
lint_cmake    =   0.26 sec*proc (1 test)
linter        =   4.77 sec*proc (8 tests)
pep257        =   0.43 sec*proc (1 test)
uncrustify    =   0.35 sec*proc (1 test)
xmllint       =   1.05 sec*proc (1 test)

Total Test time (real) =  16.74 sec
