[0.478s] Invoking command in '/home/vdr/ros_bridge/build/ros1_bridge': AMENT_PREFIX_PATH=/home/vdr/ros_bridge/install/ros1_bridge:${AMENT_PREFIX_PATH} CMAKE_PREFIX_PATH=/home/vdr/ros_bridge/install/ros1_bridge:${CMAKE_PREFIX_PATH} LD_LIBRARY_PATH=/home/vdr/ros_bridge/install/ros1_bridge/lib:${LD_LIBRARY_PATH} PYTHONPATH=/home/vdr/ros_bridge/install/ros1_bridge/lib/python3.6/site-packages:${PYTHONPATH} /usr/bin/ctest -C Release -D ExperimentalTest --no-compress-output -V --force-new-ctest-process
[0.499s] UpdateCTestConfiguration  from :/home/vdr/ros_bridge/build/ros1_bridge/CTestConfiguration.ini
[0.499s] Parse Config file:/home/vdr/ros_bridge/build/ros1_bridge/CTestConfiguration.ini
[0.499s]    Site: vdr-GV62-8RC
[0.499s]    Build name: (empty)
[0.500s]  Add coverage exclude regular expressions.
[0.500s] SetCTestConfiguration:CMakeCommand:/usr/bin/cmake
[0.500s] Create new tag: 20201106-1015 - Experimental
[0.500s] UpdateCTestConfiguration  from :/home/vdr/ros_bridge/build/ros1_bridge/CTestConfiguration.ini
[0.500s] Parse Config file:/home/vdr/ros_bridge/build/ros1_bridge/CTestConfiguration.ini
[0.500s] Test project /home/vdr/ros_bridge/build/ros1_bridge
[0.500s] Constructing a list of tests
[0.500s] Done constructing a list of tests
[0.500s] Updating test list for fixtures
[0.500s] Added 0 tests to meet fixture requirements
[0.500s] Checking test dependency graph...
[0.500s] Checking test dependency graph end
[0.500s] test 1
[0.500s]       Start  1: copyright
[0.501s] 
[0.501s] 1: Test command: /usr/bin/python3 "-u" "/opt/ros/dashing/share/ament_cmake_test/cmake/run_test.py" "/home/vdr/ros_bridge/build/ros1_bridge/test_results/ros1_bridge/copyright.xunit.xml" "--package-name" "ros1_bridge" "--output-file" "/home/vdr/ros_bridge/build/ros1_bridge/ament_copyright/copyright.txt" "--command" "/opt/ros/dashing/bin/ament_copyright" "--xunit-file" "/home/vdr/ros_bridge/build/ros1_bridge/test_results/ros1_bridge/copyright.xunit.xml"
[0.501s] 1: Test timeout computed to be: 60
[0.753s] 1: -- run_test.py: invoking following command in '/home/vdr/ros_bridge/src/ros1_bridge':
[0.753s] 1:  - /opt/ros/dashing/bin/ament_copyright --xunit-file /home/vdr/ros_bridge/build/ros1_bridge/test_results/ros1_bridge/copyright.xunit.xml
[1.203s] 1: No problems found, checked 24 files
[1.217s] 1: -- run_test.py: return code 0
[1.217s] 1: -- run_test.py: verify result file '/home/vdr/ros_bridge/build/ros1_bridge/test_results/ros1_bridge/copyright.xunit.xml'
[1.225s]  1/10 Test  #1: copyright ...............................................   Passed    0.73 sec
[1.225s] test 2
[1.225s]       Start  2: cppcheck
[1.225s] 
[1.225s] 2: Test command: /usr/bin/python3 "-u" "/opt/ros/dashing/share/ament_cmake_test/cmake/run_test.py" "/home/vdr/ros_bridge/build/ros1_bridge/test_results/ros1_bridge/cppcheck.xunit.xml" "--package-name" "ros1_bridge" "--output-file" "/home/vdr/ros_bridge/build/ros1_bridge/ament_cppcheck/cppcheck.txt" "--command" "/opt/ros/dashing/bin/ament_cppcheck" "--xunit-file" "/home/vdr/ros_bridge/build/ros1_bridge/test_results/ros1_bridge/cppcheck.xunit.xml"
[1.226s] 2: Test timeout computed to be: 120
[1.276s] 2: -- run_test.py: invoking following command in '/home/vdr/ros_bridge/src/ros1_bridge':
[1.276s] 2:  - /opt/ros/dashing/bin/ament_cppcheck --xunit-file /home/vdr/ros_bridge/build/ros1_bridge/test_results/ros1_bridge/cppcheck.xunit.xml
[1.607s] 2: No problems found
[1.618s] 2: -- run_test.py: return code 0
[1.618s] 2: -- run_test.py: verify result file '/home/vdr/ros_bridge/build/ros1_bridge/test_results/ros1_bridge/cppcheck.xunit.xml'
[1.625s]  2/10 Test  #2: cppcheck ................................................   Passed    0.40 sec
[1.625s] test 3
[1.625s]       Start  3: cpplint
[1.626s] 
[1.626s] 3: Test command: /usr/bin/python3 "-u" "/opt/ros/dashing/share/ament_cmake_test/cmake/run_test.py" "/home/vdr/ros_bridge/build/ros1_bridge/test_results/ros1_bridge/cpplint.xunit.xml" "--package-name" "ros1_bridge" "--output-file" "/home/vdr/ros_bridge/build/ros1_bridge/ament_cpplint/cpplint.txt" "--command" "/opt/ros/dashing/bin/ament_cpplint" "--xunit-file" "/home/vdr/ros_bridge/build/ros1_bridge/test_results/ros1_bridge/cpplint.xunit.xml"
[1.626s] 3: Test timeout computed to be: 120
[1.676s] 3: -- run_test.py: invoking following command in '/home/vdr/ros_bridge/src/ros1_bridge':
[1.676s] 3:  - /opt/ros/dashing/bin/ament_cpplint --xunit-file /home/vdr/ros_bridge/build/ros1_bridge/test_results/ros1_bridge/cpplint.xunit.xml
[2.371s] 3: Using '--root=/home/vdr/ros_bridge/src/ros1_bridge/include' argument
[2.371s] 3: 
[2.371s] 3: Done processing /home/vdr/ros_bridge/src/ros1_bridge/include/ros1_bridge/bridge.hpp
[2.371s] 3: 
[2.371s] 3: Done processing /home/vdr/ros_bridge/src/ros1_bridge/include/ros1_bridge/builtin_interfaces_factories.hpp
[2.371s] 3: 
[2.371s] 3: Done processing /home/vdr/ros_bridge/src/ros1_bridge/include/ros1_bridge/convert_builtin_interfaces.hpp
[2.371s] 3: 
[2.371s] 3: Done processing /home/vdr/ros_bridge/src/ros1_bridge/include/ros1_bridge/convert_decl.hpp
[2.371s] 3: 
[2.371s] 3: Done processing /home/vdr/ros_bridge/src/ros1_bridge/include/ros1_bridge/factory.hpp
[2.371s] 3: 
[2.371s] 3: Done processing /home/vdr/ros_bridge/src/ros1_bridge/include/ros1_bridge/factory_interface.hpp
[2.372s] 3: 
[2.372s] 3: Using '--root=/home/vdr/ros_bridge/src/ros1_bridge/src' argument
[2.372s] 3: 
[2.372s] 3: Done processing /home/vdr/ros_bridge/src/ros1_bridge/src/bridge.cpp
[2.372s] 3: 
[2.372s] 3: Done processing /home/vdr/ros_bridge/src/ros1_bridge/src/builtin_interfaces_factories.cpp
[2.372s] 3: 
[2.372s] 3: Done processing /home/vdr/ros_bridge/src/ros1_bridge/src/convert_builtin_interfaces.cpp
[2.372s] 3: 
[2.372s] 3: Done processing /home/vdr/ros_bridge/src/ros1_bridge/src/dynamic_bridge.cpp
[2.372s] 3: 
[2.372s] 3: Done processing /home/vdr/ros_bridge/src/ros1_bridge/src/parameter_bridge.cpp
[2.372s] 3: 
[2.372s] 3: Done processing /home/vdr/ros_bridge/src/ros1_bridge/src/simple_bridge.cpp
[2.372s] 3: 
[2.372s] 3: Done processing /home/vdr/ros_bridge/src/ros1_bridge/src/simple_bridge_1_to_2.cpp
[2.372s] 3: 
[2.372s] 3: Done processing /home/vdr/ros_bridge/src/ros1_bridge/src/simple_bridge_2_to_1.cpp
[2.373s] 3: 
[2.373s] 3: Done processing /home/vdr/ros_bridge/src/ros1_bridge/src/static_bridge.cpp
[2.373s] 3: 
[2.373s] 3: Using '--root=/home/vdr/ros_bridge/src/ros1_bridge/test' argument
[2.373s] 3: 
[2.373s] 3: Done processing /home/vdr/ros_bridge/src/ros1_bridge/test/test_ros1_client.cpp
[2.373s] 3: 
[2.373s] 3: Done processing /home/vdr/ros_bridge/src/ros1_bridge/test/test_ros1_server.cpp
[2.373s] 3: 
[2.373s] 3: Done processing /home/vdr/ros_bridge/src/ros1_bridge/test/test_ros2_client.cpp
[2.373s] 3: 
[2.373s] 3: Done processing /home/vdr/ros_bridge/src/ros1_bridge/test/test_ros2_server.cpp
[2.373s] 3: 
[2.373s] 3: No problems found
[2.380s] 3: -- run_test.py: return code 0
[2.380s] 3: -- run_test.py: verify result file '/home/vdr/ros_bridge/build/ros1_bridge/test_results/ros1_bridge/cpplint.xunit.xml'
[2.387s]  3/10 Test  #3: cpplint .................................................   Passed    0.76 sec
[2.387s] test 4
[2.387s]       Start  4: flake8
[2.387s] 
[2.387s] 4: Test command: /usr/bin/python3 "-u" "/opt/ros/dashing/share/ament_cmake_test/cmake/run_test.py" "/home/vdr/ros_bridge/build/ros1_bridge/test_results/ros1_bridge/flake8.xunit.xml" "--package-name" "ros1_bridge" "--output-file" "/home/vdr/ros_bridge/build/ros1_bridge/ament_flake8/flake8.txt" "--command" "/opt/ros/dashing/bin/ament_flake8" "--xunit-file" "/home/vdr/ros_bridge/build/ros1_bridge/test_results/ros1_bridge/flake8.xunit.xml"
[2.387s] 4: Test timeout computed to be: 60
[2.438s] 4: -- run_test.py: invoking following command in '/home/vdr/ros_bridge/src/ros1_bridge':
[2.438s] 4:  - /opt/ros/dashing/bin/ament_flake8 --xunit-file /home/vdr/ros_bridge/build/ros1_bridge/test_results/ros1_bridge/flake8.xunit.xml
[3.144s] 4: 
[3.144s] 4: 1 files checked
[3.144s] 4: No problems found
[3.145s] 4: 
[3.145s] 4: Checked files:
[3.145s] 4: 
[3.145s] 4: * ./ros1_bridge/__init__.py
[3.162s] 4: -- run_test.py: return code 0
[3.162s] 4: -- run_test.py: verify result file '/home/vdr/ros_bridge/build/ros1_bridge/test_results/ros1_bridge/flake8.xunit.xml'
[3.169s]  4/10 Test  #4: flake8 ..................................................   Passed    0.78 sec
[3.169s] test 5
[3.169s]       Start  5: lint_cmake
[3.169s] 
[3.169s] 5: Test command: /usr/bin/python3 "-u" "/opt/ros/dashing/share/ament_cmake_test/cmake/run_test.py" "/home/vdr/ros_bridge/build/ros1_bridge/test_results/ros1_bridge/lint_cmake.xunit.xml" "--package-name" "ros1_bridge" "--output-file" "/home/vdr/ros_bridge/build/ros1_bridge/ament_lint_cmake/lint_cmake.txt" "--command" "/opt/ros/dashing/bin/ament_lint_cmake" "--xunit-file" "/home/vdr/ros_bridge/build/ros1_bridge/test_results/ros1_bridge/lint_cmake.xunit.xml"
[3.170s] 5: Test timeout computed to be: 60
[3.220s] 5: -- run_test.py: invoking following command in '/home/vdr/ros_bridge/src/ros1_bridge':
[3.220s] 5:  - /opt/ros/dashing/bin/ament_lint_cmake --xunit-file /home/vdr/ros_bridge/build/ros1_bridge/test_results/ros1_bridge/lint_cmake.xunit.xml
[3.414s] 5: 
[3.414s] 5: No problems found
[3.423s] 5: -- run_test.py: return code 0
[3.423s] 5: -- run_test.py: verify result file '/home/vdr/ros_bridge/build/ros1_bridge/test_results/ros1_bridge/lint_cmake.xunit.xml'
[3.430s]  5/10 Test  #5: lint_cmake ..............................................   Passed    0.26 sec
[3.430s] test 6
[3.430s]       Start  6: pep257
[3.430s] 
[3.430s] 6: Test command: /usr/bin/python3 "-u" "/opt/ros/dashing/share/ament_cmake_test/cmake/run_test.py" "/home/vdr/ros_bridge/build/ros1_bridge/test_results/ros1_bridge/pep257.xunit.xml" "--package-name" "ros1_bridge" "--output-file" "/home/vdr/ros_bridge/build/ros1_bridge/ament_pep257/pep257.txt" "--command" "/opt/ros/dashing/bin/ament_pep257" "--xunit-file" "/home/vdr/ros_bridge/build/ros1_bridge/test_results/ros1_bridge/pep257.xunit.xml"
[3.430s] 6: Test timeout computed to be: 60
[3.481s] 6: -- run_test.py: invoking following command in '/home/vdr/ros_bridge/src/ros1_bridge':
[3.481s] 6:  - /opt/ros/dashing/bin/ament_pep257 --xunit-file /home/vdr/ros_bridge/build/ros1_bridge/test_results/ros1_bridge/pep257.xunit.xml
[3.843s] 6: checking ./ros1_bridge/__init__.py
[3.843s] 6: No problems found
[3.854s] 6: -- run_test.py: return code 0
[3.854s] 6: -- run_test.py: verify result file '/home/vdr/ros_bridge/build/ros1_bridge/test_results/ros1_bridge/pep257.xunit.xml'
[3.861s]  6/10 Test  #6: pep257 ..................................................   Passed    0.43 sec
[3.861s] test 7
[3.861s]       Start  7: uncrustify
[3.861s] 
[3.861s] 7: Test command: /usr/bin/python3 "-u" "/opt/ros/dashing/share/ament_cmake_test/cmake/run_test.py" "/home/vdr/ros_bridge/build/ros1_bridge/test_results/ros1_bridge/uncrustify.xunit.xml" "--package-name" "ros1_bridge" "--output-file" "/home/vdr/ros_bridge/build/ros1_bridge/ament_uncrustify/uncrustify.txt" "--command" "/opt/ros/dashing/bin/ament_uncrustify" "--xunit-file" "/home/vdr/ros_bridge/build/ros1_bridge/test_results/ros1_bridge/uncrustify.xunit.xml"
[3.861s] 7: Test timeout computed to be: 60
[3.912s] 7: -- run_test.py: invoking following command in '/home/vdr/ros_bridge/src/ros1_bridge':
[3.912s] 7:  - /opt/ros/dashing/bin/ament_uncrustify --xunit-file /home/vdr/ros_bridge/build/ros1_bridge/test_results/ros1_bridge/uncrustify.xunit.xml
[4.196s] 7: No code style divergence in file 'include/ros1_bridge/bridge.hpp'
[4.196s] 7: 
[4.196s] 7: No code style divergence in file 'include/ros1_bridge/builtin_interfaces_factories.hpp'
[4.196s] 7: 
[4.196s] 7: No code style divergence in file 'include/ros1_bridge/convert_builtin_interfaces.hpp'
[4.196s] 7: 
[4.196s] 7: No code style divergence in file 'include/ros1_bridge/convert_decl.hpp'
[4.196s] 7: 
[4.196s] 7: No code style divergence in file 'include/ros1_bridge/factory.hpp'
[4.196s] 7: 
[4.196s] 7: No code style divergence in file 'include/ros1_bridge/factory_interface.hpp'
[4.197s] 7: 
[4.197s] 7: No code style divergence in file 'src/bridge.cpp'
[4.197s] 7: 
[4.197s] 7: No code style divergence in file 'src/builtin_interfaces_factories.cpp'
[4.197s] 7: 
[4.197s] 7: No code style divergence in file 'src/convert_builtin_interfaces.cpp'
[4.197s] 7: 
[4.197s] 7: No code style divergence in file 'src/dynamic_bridge.cpp'
[4.197s] 7: 
[4.197s] 7: No code style divergence in file 'src/parameter_bridge.cpp'
[4.197s] 7: 
[4.197s] 7: No code style divergence in file 'src/simple_bridge.cpp'
[4.197s] 7: 
[4.197s] 7: No code style divergence in file 'src/simple_bridge_1_to_2.cpp'
[4.197s] 7: 
[4.197s] 7: No code style divergence in file 'src/simple_bridge_2_to_1.cpp'
[4.197s] 7: 
[4.197s] 7: No code style divergence in file 'src/static_bridge.cpp'
[4.197s] 7: 
[4.198s] 7: No code style divergence in file 'test/test_ros1_client.cpp'
[4.198s] 7: 
[4.198s] 7: No code style divergence in file 'test/test_ros1_server.cpp'
[4.198s] 7: 
[4.198s] 7: No code style divergence in file 'test/test_ros2_client.cpp'
[4.198s] 7: 
[4.198s] 7: No code style divergence in file 'test/test_ros2_server.cpp'
[4.198s] 7: 
[4.198s] 7: No problems found
[4.207s] 7: -- run_test.py: return code 0
[4.207s] 7: -- run_test.py: verify result file '/home/vdr/ros_bridge/build/ros1_bridge/test_results/ros1_bridge/uncrustify.xunit.xml'
[4.214s]  7/10 Test  #7: uncrustify ..............................................   Passed    0.35 sec
[4.214s] test 8
[4.214s]       Start  8: xmllint
[4.214s] 
[4.214s] 8: Test command: /usr/bin/python3 "-u" "/opt/ros/dashing/share/ament_cmake_test/cmake/run_test.py" "/home/vdr/ros_bridge/build/ros1_bridge/test_results/ros1_bridge/xmllint.xunit.xml" "--package-name" "ros1_bridge" "--output-file" "/home/vdr/ros_bridge/build/ros1_bridge/ament_xmllint/xmllint.txt" "--command" "/opt/ros/dashing/bin/ament_xmllint" "--xunit-file" "/home/vdr/ros_bridge/build/ros1_bridge/test_results/ros1_bridge/xmllint.xunit.xml"
[4.214s] 8: Test timeout computed to be: 60
[4.265s] 8: -- run_test.py: invoking following command in '/home/vdr/ros_bridge/src/ros1_bridge':
[4.265s] 8:  - /opt/ros/dashing/bin/ament_xmllint --xunit-file /home/vdr/ros_bridge/build/ros1_bridge/test_results/ros1_bridge/xmllint.xunit.xml
[5.247s] 8: File 'package.xml' is valid
[5.248s] 8: 
[5.248s] 8: No problems found
[5.261s] 8: -- run_test.py: return code 0
[5.261s] 8: -- run_test.py: verify result file '/home/vdr/ros_bridge/build/ros1_bridge/test_results/ros1_bridge/xmllint.xunit.xml'
[5.268s]  8/10 Test  #8: xmllint .................................................   Passed    1.05 sec
[5.269s] test 9
[5.269s]       Start  9: test_topics_across_dynamic_bridge__rmw_fastrtps_cpp
[5.269s] 
[5.269s] 9: Test command: /usr/bin/python3 "-u" "/opt/ros/dashing/share/ament_cmake_test/cmake/run_test.py" "/home/vdr/ros_bridge/build/ros1_bridge/test_results/ros1_bridge/test_topics_across_dynamic_bridge__rmw_fastrtps_cpp.xunit.xml" "--package-name" "ros1_bridge" "--output-file" "/home/vdr/ros_bridge/build/ros1_bridge/launch_test/CHANGEME.txt" "--env" "RMW_IMPLEMENTATION=rmw_fastrtps_cpp" "--command" "/usr/bin/python3" "-m" "launch_testing.launch_test" "/home/vdr/ros_bridge/build/ros1_bridge/test_topics_across_dynamic_bridge__rmw_fastrtps_cpp_.py" "--junit-xml=/home/vdr/ros_bridge/build/ros1_bridge/test_results/ros1_bridge/test_topics_across_dynamic_bridge__rmw_fastrtps_cpp.xunit.xml" "--package-name=ros1_bridge"
[5.269s] 9: Test timeout computed to be: 60
[5.319s] 9: -- run_test.py: extra environment variables:
[5.319s] 9:  - RMW_IMPLEMENTATION=rmw_fastrtps_cpp
[5.319s] 9: -- run_test.py: invoking following command in '/home/vdr/ros_bridge/src/ros1_bridge':
[5.319s] 9:  - /usr/bin/python3 -m launch_testing.launch_test /home/vdr/ros_bridge/build/ros1_bridge/test_topics_across_dynamic_bridge__rmw_fastrtps_cpp_.py --junit-xml=/home/vdr/ros_bridge/build/ros1_bridge/test_results/ros1_bridge/test_topics_across_dynamic_bridge__rmw_fastrtps_cpp.xunit.xml --package-name=ros1_bridge
[5.924s] 9: 
[5.924s] 9: Starting test run ros1_bridge.test_topics_across_dynamic_bridge__rmw_fastrtps_cpp_.launch_tests[ros1_talker_ros2_listener_across_dynamic_bridge, ['/opt/ros/melodic/env.sh', 'rosrun', 'roscpp_tutorials', 'talker'], ['/opt/ros/dashing/lib/demo_nodes_cpp/listener']]
[5.924s] 9: [INFO] [launch]: All log files can be found below /home/vdr/.ros/log/2020-11-06-11-15-34-503276-vdr-GV62-8RC-13170
[5.924s] 9: [INFO] [launch]: Default logging verbosity is set to INFO
[5.987s] 9: test_listener_output[ros1_talker_ros2_listener_across_dynamic_bridge, ['/opt/ros/melodic/env.sh', 'rosrun', 'roscpp_tutorials', 'talker'], ['/opt/ros/dashing/lib/demo_nodes_cpp/listener']] (ros1_bridge.TestTopicsAcrossDynamicBridge) ... [INFO] [ros1_talker_ros2_listener_across_dynamic_bridge__roscore-1]: process started with pid [13174]
[5.987s] 9: [INFO] [ros1_talker_ros2_listener_across_dynamic_bridge__dynamic_bridge-2]: process started with pid [13175]
[5.987s] 9: [INFO] [ros1_talker_ros2_listener_across_dynamic_bridge__talker-3]: process started with pid [13179]
[5.987s] 9: [INFO] [ros1_talker_ros2_listener_across_dynamic_bridge__listener-4]: process started with pid [13185]
[6.476s] 9: [ros1_talker_ros2_listener_across_dynamic_bridge__roscore-1] [31mRLException: roscore cannot run as another roscore/master is already running. 
[6.476s] 9: [ros1_talker_ros2_listener_across_dynamic_bridge__roscore-1] Please kill other roscore/master processes before relaunching.
[6.476s] 9: [ros1_talker_ros2_listener_across_dynamic_bridge__roscore-1] The ROS_MASTER_URI is http://vdr-GV62-8RC:11311/[0m
[6.476s] 9: [ros1_talker_ros2_listener_across_dynamic_bridge__roscore-1] [31mThe traceback for the exception was written to the log file[0m
[6.650s] 9: [ERROR] [ros1_talker_ros2_listener_across_dynamic_bridge__roscore-1]: process has died [pid 13174, exit code 1, cmd '/opt/ros/melodic/env.sh /opt/ros/melodic/bin/roscore'].
[9.398s] 9: [INFO] [ros1_talker_ros2_listener_across_dynamic_bridge__listener-4]: sending signal 'SIGINT' to process[ros1_talker_ros2_listener_across_dynamic_bridge__listener-4]
[9.399s] 9: [INFO] [ros1_talker_ros2_listener_across_dynamic_bridge__talker-3]: sending signal 'SIGINT' to process[ros1_talker_ros2_listener_across_dynamic_bridge__talker-3]
[9.400s] 9: [INFO] [ros1_talker_ros2_listener_across_dynamic_bridge__dynamic_bridge-2]: sending signal 'SIGINT' to process[ros1_talker_ros2_listener_across_dynamic_bridge__dynamic_bridge-2]
[9.401s] 9: [INFO] [ros1_talker_ros2_listener_across_dynamic_bridge__listener-4]: process has finished cleanly [pid 13185]
[9.589s] 9: [INFO] [ros1_talker_ros2_listener_across_dynamic_bridge__talker-3]: process has finished cleanly [pid 13179]
[10.184s] 9: [INFO] [ros1_talker_ros2_listener_across_dynamic_bridge__dynamic_bridge-2]: process has finished cleanly [pid 13175]
[10.186s] 9: ok
[10.187s] 9: 
[10.187s] 9: ----------------------------------------------------------------------
[10.188s] 9: Ran 1 test in 3.465s
[10.188s] 9: 
[10.188s] 9: OK
[10.188s] 9: test_processes_finished_gracefully[ros1_talker_ros2_listener_across_dynamic_bridge, ['/opt/ros/melodic/env.sh', 'rosrun', 'roscpp_tutorials', 'talker'], ['/opt/ros/dashing/lib/demo_nodes_cpp/listener']] (ros1_bridge.TestTopicsAcrossDynamicBridgeAfterShutdown)
[10.189s] 9: Test that both executables finished gracefully. ... 
[10.189s] 9: Starting test run ros1_bridge.test_topics_across_dynamic_bridge__rmw_fastrtps_cpp_.launch_tests[ros2_talker_ros1_listener_across_dynamic_bridge, ['/opt/ros/dashing/lib/demo_nodes_cpp/talker'], ['/opt/ros/melodic/env.sh', 'rosrun', 'rospy_tutorials', 'listener']]
[10.189s] 9: [INFO] [launch]: All log files can be found below /home/vdr/.ros/log/2020-11-06-11-15-34-503276-vdr-GV62-8RC-13170
[10.190s] 9: [INFO] [launch]: Default logging verbosity is set to INFO
[10.191s] 9: ok
[10.191s] 9: 
[10.191s] 9: ----------------------------------------------------------------------
[10.192s] 9: Ran 1 test in 0.001s
[10.192s] 9: 
[10.192s] 9: OK
[10.216s] 9: test_listener_output[ros2_talker_ros1_listener_across_dynamic_bridge, ['/opt/ros/dashing/lib/demo_nodes_cpp/talker'], ['/opt/ros/melodic/env.sh', 'rosrun', 'rospy_tutorials', 'listener']] (ros1_bridge.TestTopicsAcrossDynamicBridge) ... [INFO] [ros2_talker_ros1_listener_across_dynamic_bridge__roscore-5]: process started with pid [13259]
[10.216s] 9: [INFO] [ros2_talker_ros1_listener_across_dynamic_bridge__dynamic_bridge-6]: process started with pid [13261]
[10.216s] 9: [INFO] [ros2_talker_ros1_listener_across_dynamic_bridge__talker-7]: process started with pid [13264]
[10.216s] 9: [INFO] [ros2_talker_ros1_listener_across_dynamic_bridge__listener-8]: process started with pid [13278]
[10.721s] 9: [ros2_talker_ros1_listener_across_dynamic_bridge__roscore-5] [31mRLException: roscore cannot run as another roscore/master is already running. 
[10.721s] 9: [ros2_talker_ros1_listener_across_dynamic_bridge__roscore-5] Please kill other roscore/master processes before relaunching.
[10.721s] 9: [ros2_talker_ros1_listener_across_dynamic_bridge__roscore-5] The ROS_MASTER_URI is http://vdr-GV62-8RC:11311/[0m
[10.721s] 9: [ros2_talker_ros1_listener_across_dynamic_bridge__roscore-5] [31mThe traceback for the exception was written to the log file[0m
[10.872s] 9: [ERROR] [ros2_talker_ros1_listener_across_dynamic_bridge__roscore-5]: process has died [pid 13259, exit code 1, cmd '/opt/ros/melodic/env.sh /opt/ros/melodic/bin/roscore'].
[12.237s] 9: [INFO] [ros2_talker_ros1_listener_across_dynamic_bridge__listener-8]: sending signal 'SIGINT' to process[ros2_talker_ros1_listener_across_dynamic_bridge__listener-8]
[12.237s] 9: [INFO] [ros2_talker_ros1_listener_across_dynamic_bridge__talker-7]: sending signal 'SIGINT' to process[ros2_talker_ros1_listener_across_dynamic_bridge__talker-7]
[12.238s] 9: [INFO] [ros2_talker_ros1_listener_across_dynamic_bridge__dynamic_bridge-6]: sending signal 'SIGINT' to process[ros2_talker_ros1_listener_across_dynamic_bridge__dynamic_bridge-6]
[12.241s] 9: [INFO] [ros2_talker_ros1_listener_across_dynamic_bridge__talker-7]: process has finished cleanly [pid 13264]
[12.388s] 9: [INFO] [ros2_talker_ros1_listener_across_dynamic_bridge__listener-8]: process has finished cleanly [pid 13278]
[12.813s] 9: [INFO] [ros2_talker_ros1_listener_across_dynamic_bridge__dynamic_bridge-6]: process has finished cleanly [pid 13261]
[12.814s] 9: ok
[12.814s] 9: 
[12.815s] 9: ----------------------------------------------------------------------
[12.815s] 9: Ran 1 test in 2.039s
[12.815s] 9: 
[12.815s] 9: OK
[12.816s] 9: test_processes_finished_gracefully[ros2_talker_ros1_listener_across_dynamic_bridge, ['/opt/ros/dashing/lib/demo_nodes_cpp/talker'], ['/opt/ros/melodic/env.sh', 'rosrun', 'rospy_tutorials', 'listener']] (ros1_bridge.TestTopicsAcrossDynamicBridgeAfterShutdown)
[12.816s] 9: Test that both executables finished gracefully. ... ok
[12.817s] 9: 
[12.817s] 9: ----------------------------------------------------------------------
[12.817s] 9: Ran 1 test in 0.001s
[12.817s] 9: 
[12.818s] 9: OK
[12.859s] 9: -- run_test.py: return code 0
[12.860s] 9: -- run_test.py: verify result file '/home/vdr/ros_bridge/build/ros1_bridge/test_results/ros1_bridge/test_topics_across_dynamic_bridge__rmw_fastrtps_cpp.xunit.xml'
[12.868s]  9/10 Test  #9: test_topics_across_dynamic_bridge__rmw_fastrtps_cpp .....   Passed    7.60 sec
[12.868s] test 10
[12.868s]       Start 10: test_services_across_dynamic_bridge__rmw_fastrtps_cpp
[12.868s] 
[12.868s] 10: Test command: /usr/bin/python3 "-u" "/opt/ros/dashing/share/ament_cmake_test/cmake/run_test.py" "/home/vdr/ros_bridge/build/ros1_bridge/test_results/ros1_bridge/test_services_across_dynamic_bridge__rmw_fastrtps_cpp.xunit.xml" "--package-name" "ros1_bridge" "--output-file" "/home/vdr/ros_bridge/build/ros1_bridge/launch_test/CHANGEME.txt" "--env" "RMW_IMPLEMENTATION=rmw_fastrtps_cpp" "--command" "/usr/bin/python3" "-m" "launch_testing.launch_test" "/home/vdr/ros_bridge/build/ros1_bridge/test_services_across_dynamic_bridge__rmw_fastrtps_cpp_.py" "--junit-xml=/home/vdr/ros_bridge/build/ros1_bridge/test_results/ros1_bridge/test_services_across_dynamic_bridge__rmw_fastrtps_cpp.xunit.xml" "--package-name=ros1_bridge"
[12.868s] 10: Test timeout computed to be: 60
[12.919s] 10: -- run_test.py: extra environment variables:
[12.919s] 10:  - RMW_IMPLEMENTATION=rmw_fastrtps_cpp
[12.919s] 10: -- run_test.py: invoking following command in '/home/vdr/ros_bridge/src/ros1_bridge':
[12.920s] 10:  - /usr/bin/python3 -m launch_testing.launch_test /home/vdr/ros_bridge/build/ros1_bridge/test_services_across_dynamic_bridge__rmw_fastrtps_cpp_.py --junit-xml=/home/vdr/ros_bridge/build/ros1_bridge/test_results/ros1_bridge/test_services_across_dynamic_bridge__rmw_fastrtps_cpp.xunit.xml --package-name=ros1_bridge
[13.012s] 10: 
[13.012s] 10: Starting test run ros1_bridge.test_services_across_dynamic_bridge__rmw_fastrtps_cpp_.launch_tests[ros1_server_ros2_client_across_dynamic_bridge, ['/opt/ros/melodic/env.sh', '/home/vdr/ros_bridge/build/ros1_bridge/test_ros1_server'], ['/home/vdr/ros_bridge/build/ros1_bridge/test_ros2_client_cpp']]
[13.012s] 10: [INFO] [launch]: All log files can be found below /home/vdr/.ros/log/2020-11-06-11-15-42-019872-vdr-GV62-8RC-13352
[13.012s] 10: [INFO] [launch]: Default logging verbosity is set to INFO
[13.013s] 10: test_client_process_terminates_after_a_finite_amount_of_time[ros1_server_ros2_client_across_dynamic_bridge, ['/opt/ros/melodic/env.sh', '/home/vdr/ros_bridge/build/ros1_bridge/test_ros1_server'], ['/home/vdr/ros_bridge/build/ros1_bridge/test_ros2_client_cpp']] (ros1_bridge.TestServicesAcrossDynamicBridge)
[13.038s] 10: Test that the client executables terminates after a finite amount of time. ... [INFO] [ros1_server_ros2_client_across_dynamic_bridge__roscore-1]: process started with pid [13356]
[13.038s] 10: [INFO] [ros1_server_ros2_client_across_dynamic_bridge__dynamic_bridge-2]: process started with pid [13357]
[13.039s] 10: [INFO] [ros1_server_ros2_client_across_dynamic_bridge__server-3]: process started with pid [13360]
[13.039s] 10: [INFO] [ros1_server_ros2_client_across_dynamic_bridge__client-4]: process started with pid [13366]
[13.534s] 10: [ros1_server_ros2_client_across_dynamic_bridge__roscore-1] [31mRLException: roscore cannot run as another roscore/master is already running. 
[13.534s] 10: [ros1_server_ros2_client_across_dynamic_bridge__roscore-1] Please kill other roscore/master processes before relaunching.
[13.534s] 10: [ros1_server_ros2_client_across_dynamic_bridge__roscore-1] The ROS_MASTER_URI is http://vdr-GV62-8RC:11311/[0m
[13.534s] 10: [ros1_server_ros2_client_across_dynamic_bridge__roscore-1] [31mThe traceback for the exception was written to the log file[0m
[13.658s] 10: [ERROR] [ros1_server_ros2_client_across_dynamic_bridge__roscore-1]: process has died [pid 13356, exit code 1, cmd '/opt/ros/melodic/env.sh /opt/ros/melodic/bin/roscore'].
[14.241s] 10: [INFO] [ros1_server_ros2_client_across_dynamic_bridge__client-4]: process has finished cleanly [pid 13366]
[14.250s] 10: [INFO] [ros1_server_ros2_client_across_dynamic_bridge__server-3]: sending signal 'SIGINT' to process[ros1_server_ros2_client_across_dynamic_bridge__server-3]
[14.252s] 10: [INFO] [ros1_server_ros2_client_across_dynamic_bridge__dynamic_bridge-2]: sending signal 'SIGINT' to process[ros1_server_ros2_client_across_dynamic_bridge__dynamic_bridge-2]
[14.462s] 10: [INFO] [ros1_server_ros2_client_across_dynamic_bridge__server-3]: process has finished cleanly [pid 13360]
[14.613s] 10: [INFO] [ros1_server_ros2_client_across_dynamic_bridge__dynamic_bridge-2]: process has finished cleanly [pid 13357]
[14.613s] 10: ok
[14.613s] 10: 
[14.613s] 10: ----------------------------------------------------------------------
[14.613s] 10: Ran 1 test in 1.228s
[14.613s] 10: 
[14.613s] 10: OK
[14.613s] 10: test_processes_finished_gracefully[ros1_server_ros2_client_across_dynamic_bridge, ['/opt/ros/melodic/env.sh', '/home/vdr/ros_bridge/build/ros1_bridge/test_ros1_server'], ['/home/vdr/ros_bridge/build/ros1_bridge/test_ros2_client_cpp']] (ros1_bridge.TestServicesAcrossDynamicBridgeAfterShutdown)
[14.614s] 10: Test that both executables finished gracefully. ... 
[14.614s] 10: Starting test run ros1_bridge.test_services_across_dynamic_bridge__rmw_fastrtps_cpp_.launch_tests[ros2_server_ros1_client_across_dynamic_bridge, ['/home/vdr/ros_bridge/build/ros1_bridge/test_ros2_server_cpp'], ['/opt/ros/melodic/env.sh', '/home/vdr/ros_bridge/build/ros1_bridge/test_ros1_client']]
[14.614s] 10: [INFO] [launch]: All log files can be found below /home/vdr/.ros/log/2020-11-06-11-15-42-019872-vdr-GV62-8RC-13352
[14.614s] 10: [INFO] [launch]: Default logging verbosity is set to INFO
[14.616s] 10: ok
[14.616s] 10: 
[14.616s] 10: ----------------------------------------------------------------------
[14.616s] 10: Ran 1 test in 0.000s
[14.616s] 10: 
[14.616s] 10: OK
[14.616s] 10: test_client_process_terminates_after_a_finite_amount_of_time[ros2_server_ros1_client_across_dynamic_bridge, ['/home/vdr/ros_bridge/build/ros1_bridge/test_ros2_server_cpp'], ['/opt/ros/melodic/env.sh', '/home/vdr/ros_bridge/build/ros1_bridge/test_ros1_client']] (ros1_bridge.TestServicesAcrossDynamicBridge)
[14.621s] 10: Test that the client executables terminates after a finite amount of time. ... [INFO] [ros2_server_ros1_client_across_dynamic_bridge__roscore-5]: process started with pid [13432]
[14.621s] 10: [INFO] [ros2_server_ros1_client_across_dynamic_bridge__dynamic_bridge-6]: process started with pid [13433]
[14.621s] 10: [INFO] [ros2_server_ros1_client_across_dynamic_bridge__server-7]: process started with pid [13437]
[14.621s] 10: [INFO] [ros2_server_ros1_client_across_dynamic_bridge__client-8]: process started with pid [13444]
[15.139s] 10: [ros2_server_ros1_client_across_dynamic_bridge__roscore-5] [31mRLException: roscore cannot run as another roscore/master is already running. 
[15.139s] 10: [ros2_server_ros1_client_across_dynamic_bridge__roscore-5] Please kill other roscore/master processes before relaunching.
[15.139s] 10: [ros2_server_ros1_client_across_dynamic_bridge__roscore-5] The ROS_MASTER_URI is http://vdr-GV62-8RC:11311/[0m
[15.139s] 10: [ros2_server_ros1_client_across_dynamic_bridge__roscore-5] [31mThe traceback for the exception was written to the log file[0m
[15.291s] 10: [ERROR] [ros2_server_ros1_client_across_dynamic_bridge__roscore-5]: process has died [pid 13432, exit code 1, cmd '/opt/ros/melodic/env.sh /opt/ros/melodic/bin/roscore'].
[16.370s] 10: [INFO] [ros2_server_ros1_client_across_dynamic_bridge__client-8]: process has finished cleanly [pid 13444]
[16.376s] 10: [INFO] [ros2_server_ros1_client_across_dynamic_bridge__server-7]: sending signal 'SIGINT' to process[ros2_server_ros1_client_across_dynamic_bridge__server-7]
[16.378s] 10: [INFO] [ros2_server_ros1_client_across_dynamic_bridge__dynamic_bridge-6]: sending signal 'SIGINT' to process[ros2_server_ros1_client_across_dynamic_bridge__dynamic_bridge-6]
[16.386s] 10: [INFO] [ros2_server_ros1_client_across_dynamic_bridge__server-7]: process has finished cleanly [pid 13437]
[17.219s] 10: [INFO] [ros2_server_ros1_client_across_dynamic_bridge__dynamic_bridge-6]: process has finished cleanly [pid 13433]
[17.219s] 10: ok
[17.219s] 10: 
[17.219s] 10: ----------------------------------------------------------------------
[17.219s] 10: Ran 1 test in 1.755s
[17.219s] 10: 
[17.219s] 10: OK
[17.219s] 10: test_processes_finished_gracefully[ros2_server_ros1_client_across_dynamic_bridge, ['/home/vdr/ros_bridge/build/ros1_bridge/test_ros2_server_cpp'], ['/opt/ros/melodic/env.sh', '/home/vdr/ros_bridge/build/ros1_bridge/test_ros1_client']] (ros1_bridge.TestServicesAcrossDynamicBridgeAfterShutdown)
[17.220s] 10: Test that both executables finished gracefully. ... ok
[17.220s] 10: 
[17.220s] 10: ----------------------------------------------------------------------
[17.220s] 10: Ran 1 test in 0.000s
[17.220s] 10: 
[17.220s] 10: OK
[17.233s] 10: -- run_test.py: return code 0
[17.233s] 10: -- run_test.py: verify result file '/home/vdr/ros_bridge/build/ros1_bridge/test_results/ros1_bridge/test_services_across_dynamic_bridge__rmw_fastrtps_cpp.xunit.xml'
[17.240s] 10/10 Test #10: test_services_across_dynamic_bridge__rmw_fastrtps_cpp ...   Passed    4.37 sec
[17.241s] 
[17.241s] 100% tests passed, 0 tests failed out of 10
[17.241s] 
[17.241s] Label Time Summary:
[17.241s] copyright     =   0.73 sec*proc (1 test)
[17.241s] cppcheck      =   0.40 sec*proc (1 test)
[17.241s] cpplint       =   0.76 sec*proc (1 test)
[17.241s] flake8        =   0.78 sec*proc (1 test)
[17.241s] lint_cmake    =   0.26 sec*proc (1 test)
[17.241s] linter        =   4.77 sec*proc (8 tests)
[17.241s] pep257        =   0.43 sec*proc (1 test)
[17.241s] uncrustify    =   0.35 sec*proc (1 test)
[17.242s] xmllint       =   1.05 sec*proc (1 test)
[17.242s] 
[17.242s] Total Test time (real) =  16.74 sec
[17.269s] Invoked command in '/home/vdr/ros_bridge/build/ros1_bridge' returned '0': AMENT_PREFIX_PATH=/home/vdr/ros_bridge/install/ros1_bridge:${AMENT_PREFIX_PATH} CMAKE_PREFIX_PATH=/home/vdr/ros_bridge/install/ros1_bridge:${CMAKE_PREFIX_PATH} LD_LIBRARY_PATH=/home/vdr/ros_bridge/install/ros1_bridge/lib:${LD_LIBRARY_PATH} PYTHONPATH=/home/vdr/ros_bridge/install/ros1_bridge/lib/python3.6/site-packages:${PYTHONPATH} /usr/bin/ctest -C Release -D ExperimentalTest --no-compress-output -V --force-new-ctest-process
